{"message": "", "input_text": " The movie was painfully slow and boring.", "final_label": "LABEL_0", "confidence": 0.9952296018600464}
{"message": "", "input_text": "The movie was painfully slow and boring.", "final_label": "LABEL_0", "confidence": 0.9952296018600464}
{"message": "", "input_text": "", "final_label": "Positive", "confidence": 0.5116809010505676}
{"message": "", "input_text": "", "final_label": "Positive", "confidence": 0.5116809010505676}
{"message": "", "input_text": "", "final_label": "Positive", "confidence": 0.5116809010505676}
{"message": "", "input_text": "", "final_label": "Positive", "confidence": 0.5116809010505676}
{"message": "", "input_text": "The movie was painfully slow and boring.", "final_label": "Negative", "confidence": 0.7291786074638367}
{"message": "", "input_text": " The movie was painfully slow and boring.", "final_label": "Negative", "confidence": 0.7291786074638367}
{"message": "", "input_text": "The movie was painfully slow and boring.", "final_label": "Negative", "confidence": 0.7291786074638367}
{"message": "", "input_text": "The food was cold and tasteless", "final_label": "Yes, it was definitely negative.", "confidence": 0.7155333161354065}
{"message": "", "input_text": "It\u2019s an average experience overall.", "final_label": "Positive", "confidence": 0.6838877201080322}
{"message": "", "input_text": "It\u2019s an average experience overall", "final_label": "Positive", "confidence": 0.6825802326202393}
{"message": "", "input_text": "The movie was painfully slow and boring.", "final_label": "Label_0", "confidence_percent": 100, "resolved_by": "accepted"}
{"message": "", "input_text": "The movie was painfully slow and boring.", "final_label": "Negative", "confidence_percent": 99.52296018600464, "resolved_by": "Auto"}
{"message": "", "input_text": "The movie was painfully slow and boring.", "final_label": "Negative", "confidence_percent": 99.52296018600464, "resolved_by": "Auto"}
{"message": "", "input_text": "The movie was painfully slow and boring.", "final_label": "Negative", "confidence_percent": 99.52296018600464, "resolved_by": "Auto"}
{"timestamp": "2025-10-17T04:38:02.052582Z", "event": "inference", "details": {"input_text": "The movie was painfully slow and boring.", "predicted_label": "NEGATIVE", "confidence": 0.9952296018600464}}
{"timestamp": "2025-10-17T04:38:02.735001Z", "event": "confidence_check", "details": {"predicted_label": "NEGATIVE", "confidence": 0.9952296018600464, "threshold": 0.7, "result": true, "message": "Confidence (99.5%) >= threshold (70%). Accepting prediction."}}
{"timestamp": "2025-10-17T04:38:02.782639Z", "event": "final_decision", "details": {"final_label": "NEGATIVE", "accepted": true, "reason": "confidence_ok"}}
{"timestamp": "2025-10-17T04:42:21.426471Z", "event": "inference", "details": {"input_text": "Input: The movie was okay, but it dragged a bit in the middle.", "predicted_label": "NEGATIVE", "confidence": 0.8652178645133972}}
{"timestamp": "2025-10-17T04:42:21.436188Z", "event": "confidence_check", "details": {"predicted_label": "NEGATIVE", "confidence": 0.8652178645133972, "threshold": 0.7, "result": true, "message": "Confidence (86.5%) >= threshold (70%). Accepting prediction."}}
{"timestamp": "2025-10-17T04:42:21.437709Z", "event": "final_decision", "details": {"final_label": "NEGATIVE", "accepted": true, "reason": "confidence_ok"}}
{"timestamp": "2025-10-17T04:45:09.965924Z", "event": "inference", "details": {"input_text": "Input: The movie had good visuals, but the story didn\u2019t make much sense.", "predicted_label": "NEGATIVE", "confidence": 0.9867821931838989}}
{"timestamp": "2025-10-17T04:45:09.967294Z", "event": "confidence_check", "details": {"predicted_label": "NEGATIVE", "confidence": 0.9867821931838989, "threshold": 0.7, "result": true, "message": "Confidence (98.7%) >= threshold (70%). Accepting prediction."}}
{"timestamp": "2025-10-17T04:45:10.031347Z", "event": "final_decision", "details": {"final_label": "NEGATIVE", "accepted": true, "reason": "confidence_ok"}}
{"timestamp": "2025-10-17T04:45:55.432055Z", "event": "inference", "details": {"input_text": "It wasn\u2019t bad, just not very exciting.", "predicted_label": "NEGATIVE", "confidence": 0.9843972325325012}}
{"timestamp": "2025-10-17T04:45:55.469108Z", "event": "confidence_check", "details": {"predicted_label": "NEGATIVE", "confidence": 0.9843972325325012, "threshold": 0.7, "result": true, "message": "Confidence (98.4%) >= threshold (70%). Accepting prediction."}}
{"timestamp": "2025-10-17T04:45:55.472307Z", "event": "final_decision", "details": {"final_label": "NEGATIVE", "accepted": true, "reason": "confidence_ok"}}
{"timestamp": "2025-10-17T04:46:44.654244Z", "event": "inference", "details": {"input_text": "\"The acting was fine, but the story didn\u2019t stand out.\"", "predicted_label": "NEGATIVE", "confidence": 0.9658466577529907}}
{"timestamp": "2025-10-17T04:46:44.655405Z", "event": "confidence_check", "details": {"predicted_label": "NEGATIVE", "confidence": 0.9658466577529907, "threshold": 0.7, "result": true, "message": "Confidence (96.6%) >= threshold (70%). Accepting prediction."}}
{"timestamp": "2025-10-17T04:46:44.657314Z", "event": "final_decision", "details": {"final_label": "NEGATIVE", "accepted": true, "reason": "confidence_ok"}}
{"timestamp": "2025-10-17T04:51:11.492853Z", "event": "inference", "details": {"input_text": "okay but not okay", "predicted_label": "NEGATIVE", "confidence": 0.9125185608863831}}
{"timestamp": "2025-10-17T04:51:11.518813Z", "event": "confidence_check", "details": {"predicted_label": "NEGATIVE", "confidence": 0.9125185608863831, "threshold": 0.7, "result": true, "message": "Confidence (91.3%) >= threshold (70%). Accepting prediction."}}
{"timestamp": "2025-10-17T04:51:11.520445Z", "event": "final_decision", "details": {"final_label": "NEGATIVE", "accepted": true, "reason": "confidence_ok"}}
{"timestamp": "2025-10-17T04:51:21.589349Z", "event": "inference", "details": {"input_text": "it was not too bad", "predicted_label": "POSITIVE", "confidence": 0.8879665732383728}}
{"timestamp": "2025-10-17T04:51:21.590228Z", "event": "confidence_check", "details": {"predicted_label": "POSITIVE", "confidence": 0.8879665732383728, "threshold": 0.7, "result": true, "message": "Confidence (88.8%) >= threshold (70%). Accepting prediction."}}
{"timestamp": "2025-10-17T04:51:21.591112Z", "event": "final_decision", "details": {"final_label": "POSITIVE", "accepted": true, "reason": "confidence_ok"}}
{"timestamp": "2025-10-17T04:54:48.575897Z", "event": "inference", "details": {"input_text": "The movie was painfully slow and boring", "predicted_label": "NEGATIVE", "confidence": 0.9951942563056946}}
{"timestamp": "2025-10-17T04:54:48.588295Z", "event": "confidence_check", "details": {"predicted_label": "NEGATIVE", "confidence": 0.9951942563056946, "threshold": 0.9, "result": true, "message": "Confidence (99.5%) >= threshold (90%). Accepting prediction."}}
{"timestamp": "2025-10-17T04:54:48.589137Z", "event": "final_decision", "details": {"final_label": "NEGATIVE", "accepted": true, "reason": "confidence_ok"}}
{"timestamp": "2025-10-17T04:55:02.555905Z", "event": "inference", "details": {"input_text": "The movie was okay, but it dragged a bit in the middle.", "predicted_label": "NEGATIVE", "confidence": 0.8603349924087524}}
{"timestamp": "2025-10-17T04:55:02.556772Z", "event": "confidence_check", "details": {"predicted_label": "NEGATIVE", "confidence": 0.8603349924087524, "threshold": 0.9, "result": false, "message": "Confidence (86.0%) < threshold (90%). Triggering fallback."}}
{"timestamp": "2025-10-17T04:55:02.557550Z", "event": "fallback_trigger", "details": {"predicted_label": "NEGATIVE", "confidence": 0.8603349924087524}}
{"timestamp": "2025-10-17T04:56:01.733875Z", "event": "fallback_result", "details": {"final_label": "POSITIVE", "reason": "User free-text clarified; zero-shot interpreted as POSITIVE (0.99)"}}
{"timestamp": "2025-10-17T04:56:01.895413Z", "event": "final_decision", "details": {"final_label": "POSITIVE", "accepted": false, "reason": "User free-text clarified; zero-shot interpreted as POSITIVE (0.99)"}}
{"timestamp": "2025-10-17T05:24:31.786563Z", "event": "inference", "details": {"input_text": "\"The acting was fine, but the story didn\u2019t stand out.\"", "predicted_label": "NEGATIVE", "confidence": 0.9658466577529907}}
{"timestamp": "2025-10-17T05:24:31.812471Z", "event": "confidence_check", "details": {"predicted_label": "NEGATIVE", "confidence": 0.9658466577529907, "threshold": 0.9, "result": true, "message": "Confidence (96.6%) >= threshold (90%). Accepting prediction."}}
{"timestamp": "2025-10-17T05:24:31.815664Z", "event": "final_decision", "details": {"final_label": "NEGATIVE", "accepted": true, "reason": "confidence_ok"}}
{"timestamp": "2025-10-17T07:21:12.065020Z", "event": "inference", "details": {"input_text": "The movie was painfully slow and boring", "predicted_label": "NEGATIVE", "confidence": 0.9951942563056946}}
{"timestamp": "2025-10-17T07:21:12.248627Z", "event": "confidence_check", "details": {"predicted_label": "NEGATIVE", "confidence": 0.9951942563056946, "threshold": 0.9, "result": true, "message": "Confidence (99.5%) >= threshold (90%). Accepting prediction."}}
{"timestamp": "2025-10-17T07:21:12.255746Z", "event": "final_decision", "details": {"final_label": "NEGATIVE", "accepted": true, "reason": "confidence_ok"}}
{"timestamp": "2025-10-17T07:33:31.940863Z", "event": "inference", "details": {"input_text": "The movie was painfully slow and boring", "predicted_label": "NEGATIVE", "confidence": 0.9951942563056946}}
{"timestamp": "2025-10-17T07:33:32.056139Z", "event": "confidence_check", "details": {"predicted_label": "NEGATIVE", "confidence": 0.9951942563056946, "threshold": 0.9, "result": true, "message": "Confidence (99.5%) >= threshold (90%). Accepting prediction."}}
{"timestamp": "2025-10-17T07:33:32.069981Z", "event": "final_decision", "details": {"final_label": "NEGATIVE", "accepted": true, "reason": "confidence_ok"}}
{"timestamp": "2025-10-17T07:33:50.023303Z", "event": "inference", "details": {"input_text": "The movie was okay, but it dragged a bit in the middle.", "predicted_label": "NEGATIVE", "confidence": 0.8603349924087524}}
{"timestamp": "2025-10-17T07:33:50.045333Z", "event": "confidence_check", "details": {"predicted_label": "NEGATIVE", "confidence": 0.8603349924087524, "threshold": 0.9, "result": false, "message": "Confidence (86.0%) < threshold (90%). Triggering fallback."}}
{"timestamp": "2025-10-17T07:33:50.126590Z", "event": "fallback_trigger", "details": {"predicted_label": "NEGATIVE", "confidence": 0.8603349924087524}}
{"timestamp": "2025-10-17T07:33:57.198593Z", "event": "fallback_result", "details": {"final_label": "POSITIVE", "reason": "Corrected by user clarification"}}
{"timestamp": "2025-10-17T07:33:57.222331Z", "event": "final_decision", "details": {"final_label": "POSITIVE", "accepted": false, "reason": "Corrected by user clarification"}}
{"timestamp": "2025-10-17T07:40:32.389481Z", "event": "inference", "details": {"input_text": "The movie was painfully slow and boring", "predicted_label": "NEGATIVE", "confidence": 0.9951942563056946}}
{"timestamp": "2025-10-17T07:40:32.814411Z", "event": "confidence_check", "details": {"predicted_label": "NEGATIVE", "confidence": 0.9951942563056946, "threshold": 0.9, "result": true, "message": "Confidence (99.5%) >= threshold (90%). Accepting prediction."}}
{"timestamp": "2025-10-17T07:40:32.886924Z", "event": "final_decision", "details": {"final_label": "NEGATIVE", "accepted": true, "reason": "confidence_ok"}}
{"timestamp": "2025-10-17T07:41:07.445602Z", "event": "inference", "details": {"input_text": "The movie was okay, but it dragged a bit in the middle.", "predicted_label": "NEGATIVE", "confidence": 0.8603349924087524}}
{"timestamp": "2025-10-17T07:41:07.450403Z", "event": "confidence_check", "details": {"predicted_label": "NEGATIVE", "confidence": 0.8603349924087524, "threshold": 0.9, "result": false, "message": "Confidence (86.0%) < threshold (90%). Triggering fallback."}}
{"timestamp": "2025-10-17T07:41:07.460454Z", "event": "fallback_trigger", "details": {"predicted_label": "NEGATIVE", "confidence": 0.8603349924087524}}
{"timestamp": "2025-10-17T07:41:34.146445Z", "event": "fallback_result", "details": {"final_label": "POSITIVE", "reason": "Corrected by user clarification"}}
{"timestamp": "2025-10-17T07:41:34.362148Z", "event": "final_decision", "details": {"final_label": "POSITIVE", "accepted": false, "reason": "Corrected by user clarification"}}
{"timestamp": "2025-10-17T07:51:50.492274Z", "event": "inference", "details": {"input_text": "the movie was painfully slow ad boaring", "predicted_label": "NEGATIVE", "confidence": 0.992990255355835}}
{"timestamp": "2025-10-17T07:51:50.561185Z", "event": "confidence_check", "details": {"predicted_label": "NEGATIVE", "confidence": 0.992990255355835, "threshold": 0.9, "result": true, "message": "Confidence (99.3%) >= threshold (90%). Accepting prediction."}}
{"timestamp": "2025-10-17T07:51:50.570223Z", "event": "final_decision", "details": {"final_label": "NEGATIVE", "accepted": true, "reason": "confidence_ok"}}
{"timestamp": "2025-10-17T07:52:16.865709Z", "event": "inference", "details": {"input_text": "The movie was okay, but it dragged a bit in the middle.", "predicted_label": "NEGATIVE", "confidence": 0.8603349924087524}}
{"timestamp": "2025-10-17T07:52:16.867983Z", "event": "confidence_check", "details": {"predicted_label": "NEGATIVE", "confidence": 0.8603349924087524, "threshold": 0.9, "result": false, "message": "Confidence (86.0%) < threshold (90%). Triggering fallback."}}
{"timestamp": "2025-10-17T07:52:16.868932Z", "event": "fallback_trigger", "details": {"predicted_label": "NEGATIVE", "confidence": 0.8603349924087524}}
{"timestamp": "2025-10-17T07:52:39.185068Z", "event": "fallback_result", "details": {"final_label": "POSITIVE", "reason": "Corrected by user clarification"}}
{"timestamp": "2025-10-17T07:52:39.189017Z", "event": "final_decision", "details": {"final_label": "POSITIVE", "accepted": false, "reason": "Corrected by user clarification"}}
{"timestamp": "2025-10-17T08:02:01.675388Z", "event": "inference", "details": {"input_text": "the movie was painfully slow ad boaring", "predicted_label": "NEGATIVE", "confidence": 0.992990255355835}}
{"timestamp": "2025-10-17T08:02:01.756198Z", "event": "confidence_check", "details": {"predicted_label": "NEGATIVE", "confidence": 0.992990255355835, "threshold": 0.9, "result": true, "message": "Confidence (99.3%) >= threshold (90%). Accepting prediction."}}
{"timestamp": "2025-10-17T08:02:01.760261Z", "event": "final_decision", "details": {"final_label": "NEGATIVE", "accepted": true, "reason": "confidence_ok"}}
{"timestamp": "2025-10-17T08:02:28.058193Z", "event": "inference", "details": {"input_text": "The movie was okay, but it dragged a bit in the middle.", "predicted_label": "NEGATIVE", "confidence": 0.8603349924087524}}
{"timestamp": "2025-10-17T08:02:28.061398Z", "event": "confidence_check", "details": {"predicted_label": "NEGATIVE", "confidence": 0.8603349924087524, "threshold": 0.9, "result": false, "message": "Confidence (86.0%) < threshold (90%). Triggering fallback."}}
{"timestamp": "2025-10-17T08:02:28.073207Z", "event": "fallback_trigger", "details": {"predicted_label": "NEGATIVE", "confidence": 0.8603349924087524}}
{"timestamp": "2025-10-17T08:04:12.025936Z", "event": "fallback_result", "details": {"final_label": "POSITIVE", "reason": "User free-text clarified; zero-shot interpreted as POSITIVE (0.99)"}}
{"timestamp": "2025-10-17T08:04:12.102566Z", "event": "final_decision", "details": {"final_label": "POSITIVE", "accepted": false, "reason": "User free-text clarified; zero-shot interpreted as POSITIVE (0.99)"}}
{"timestamp": "2025-10-17T08:14:58.920671Z", "event": "inference", "details": {"input_text": "the movie was painfully slow ad boaring", "predicted_label": "NEGATIVE", "confidence": 0.992990255355835}}
{"timestamp": "2025-10-17T08:14:58.978285Z", "event": "confidence_check", "details": {"predicted_label": "NEGATIVE", "confidence": 0.992990255355835, "threshold": 0.9, "result": true, "message": "Confidence (99.3%) >= threshold (90%). Accepting prediction."}}
{"timestamp": "2025-10-17T08:14:58.989219Z", "event": "final_decision", "details": {"final_label": "NEGATIVE", "accepted": true, "reason": "confidence_ok"}}
{"timestamp": "2025-10-17T08:15:40.360241Z", "event": "inference", "details": {"input_text": "the movie was okay, but it dragged a bit in the middle", "predicted_label": "NEGATIVE", "confidence": 0.8641591668128967}}
{"timestamp": "2025-10-17T08:15:40.435051Z", "event": "confidence_check", "details": {"predicted_label": "NEGATIVE", "confidence": 0.8641591668128967, "threshold": 0.9, "result": false, "message": "Confidence (86.4%) < threshold (90%). Triggering fallback."}}
{"timestamp": "2025-10-17T08:15:40.577004Z", "event": "fallback_trigger", "details": {"predicted_label": "NEGATIVE", "confidence": 0.8641591668128967}}
{"timestamp": "2025-10-17T08:15:59.976240Z", "event": "fallback_result", "details": {"final_label": "POSITIVE", "reason": "Corrected by user clarification"}}
{"timestamp": "2025-10-17T08:15:59.978137Z", "event": "final_decision", "details": {"final_label": "POSITIVE", "accepted": false, "reason": "Corrected by user clarification"}}
